<?xml version="1.0" encoding="UTF-8"?>
<!-- Generated by org.testng.reporters.JUnitXMLReporter -->
<testsuite hostname="BATMAN" name="MySeleniumTest" tests="3" failures="0" timestamp="23 Feb 2016 18:20:58 GMT" time="28.722" errors="0">
  <testcase name="MyTestNGtest1" time="5.804" classname="com.test.tests.MyFirstSelTest"/>
  <testcase name="MyTestNGtest2" time="6.689" classname="com.test.tests.MyFirstSelTest"/>
  <testcase name="MynamePrint" time="0.001" classname="com.test.tests.SeleniumTest2"/>
</testsuite> <!-- MySeleniumTest -->
