<?xml version="1.0" encoding="UTF-8"?>
<testng-results skipped="0" failed="0" total="1" passed="1">
  <reporter-output>
  </reporter-output>
  <suite name="Default suite" duration-ms="8577" started-at="2016-02-23T19:30:57Z" finished-at="2016-02-23T19:31:06Z">
    <groups>
    </groups>
    <test name="Default test" duration-ms="8577" started-at="2016-02-23T19:30:57Z" finished-at="2016-02-23T19:31:06Z">
      <class name="com.test.tests.SeleniumTest2">
        <test-method status="PASS" signature="BeforeMethod()[pri:0, instance:com.test.tests.SeleniumTest2@13b6d03]" name="BeforeMethod" is-config="true" duration-ms="8361" started-at="2016-02-23T14:30:57Z" finished-at="2016-02-23T14:31:06Z">
          <reporter-output>
          </reporter-output>
        </test-method> <!-- BeforeMethod -->
        <test-method status="PASS" signature="MynamePrint()[pri:0, instance:com.test.tests.SeleniumTest2@13b6d03]" name="MynamePrint" duration-ms="37" started-at="2016-02-23T14:31:06Z" finished-at="2016-02-23T14:31:06Z">
          <reporter-output>
          </reporter-output>
        </test-method> <!-- MynamePrint -->
        <test-method status="PASS" signature="AfterMethod()[pri:0, instance:com.test.tests.SeleniumTest2@13b6d03]" name="AfterMethod" is-config="true" duration-ms="159" started-at="2016-02-23T14:31:06Z" finished-at="2016-02-23T14:31:06Z">
          <reporter-output>
          </reporter-output>
        </test-method> <!-- AfterMethod -->
      </class> <!-- com.test.tests.SeleniumTest2 -->
    </test> <!-- Default test -->
  </suite> <!-- Default suite -->
</testng-results>
